<?xml version="1.0" encoding="UTF-8"?>
<testsuite xmlns:xsi="http://www.w3.org/2001/XMLSchema-instance" xsi:noNamespaceSchemaLocation="https://maven.apache.org/surefire/maven-surefire-plugin/xsd/surefire-test-report-3.0.xsd" version="3.0" name="com.utopios.tickets.report_job.ReportJobApplicationTests" time="1.834" tests="1" errors="0" skipped="0" failures="0">
  <properties>
[...]
</properties>
  <testcase name="contextLoads" classname="com.utopios.tickets.report_job.ReportJobApplicationTests" time="0.579">
    <system-out><![CDATA[14:59:53.599 [main] INFO org.springframework.test.context.support.AnnotationConfigContextLoaderUtils -- Could not detect default configuration classes for test class [com.utopios.tickets.report_job.ReportJobApplicationTests]: ReportJobApplicationTests does not declare any static, non-private, non-final, nested classes annotated with @Configuration.
14:59:53.684 [main] INFO org.springframework.boot.test.context.SpringBootTestContextBootstrapper -- Found @SpringBootConfiguration com.utopios.tickets.report_job.ReportJobApplication for test class com.utopios.tickets.report_job.ReportJobApplicationTests

  .   ____          _            __ _ _
 /\\ / ___'_ __ _ _(_)_ __  __ _ \ \ \ \
( ( )\___ | '_ | '_| | '_ \/ _` | \ \ \ \
 \\/  ___)| |_)| | | | | || (_| |  ) ) ) )
  '  |____| .__|_| |_|_| |_\__, | / / / /
 =========|_|==============|___/=/_/_/_/

 :: Spring Boot ::               (v3.3.12)

2026-06-15T14:59:54.042+02:00  INFO 54308 --- [report-job] [           main] c.u.t.r.ReportJobApplicationTests        : Starting ReportJobApplicationTests using Java 21.0.9 with PID 54308 (started by tasni in D:\Users\Tasnime\Projets\Vscode\WebCloud\TPs\utopiostickets\report-job)
2026-06-15T14:59:54.042+02:00  INFO 54308 --- [report-job] [           main] c.u.t.r.ReportJobApplicationTests        : No active profile set, falling back to 1 default profile: "default"
2026-06-15T14:59:54.726+02:00  INFO 54308 --- [report-job] [           main] c.u.t.r.ReportJobApplicationTests        : Started ReportJobApplicationTests in 0.935 seconds (process running for 1.654)
]]></system-out>
    <system-err><![CDATA[WARNING: A Java agent has been loaded dynamically (C:\Users\tasni\.m2\repository\net\bytebuddy\byte-buddy-agent\1.14.19\byte-buddy-agent-1.14.19.jar)
WARNING: If a serviceability tool is in use, please run with -XX:+EnableDynamicAgentLoading to hide this warning
WARNING: If a serviceability tool is not in use, please run with -Djdk.instrument.traceUsage for more information
WARNING: Dynamic loading of agents will be disallowed by default in a future release
]]></system-err>
  </testcase>
</testsuite>